D:\Quantum-API\Quantum.WebAPI\Quantum.WebAPI\wwwroot\ClientApp\out-tsc\app\shared\generic-validator.js
D:\Quantum-API\Quantum.WebAPI\Quantum.WebAPI\wwwroot\ClientApp\out-tsc\app\shared\generic-validator.js.map
D:\Quantum-API\Quantum.WebAPI\Quantum.WebAPI\wwwroot\ClientApp\out-tsc\app\app.component.js
D:\Quantum-API\Quantum.WebAPI\Quantum.WebAPI\wwwroot\ClientApp\out-tsc\app\app.component.js.map
D:\Quantum-API\Quantum.WebAPI\Quantum.WebAPI\wwwroot\ClientApp\out-tsc\app\shared\classes.js
D:\Quantum-API\Quantum.WebAPI\Quantum.WebAPI\wwwroot\ClientApp\out-tsc\app\shared\classes.js.map
D:\Quantum-API\Quantum.WebAPI\Quantum.WebAPI\wwwroot\ClientApp\out-tsc\app\shared\classdetail.js
D:\Quantum-API\Quantum.WebAPI\Quantum.WebAPI\wwwroot\ClientApp\out-tsc\app\shared\classdetail.js.map
D:\Quantum-API\Quantum.WebAPI\Quantum.WebAPI\wwwroot\ClientApp\out-tsc\app\shared\DataService.js
D:\Quantum-API\Quantum.WebAPI\Quantum.WebAPI\wwwroot\ClientApp\out-tsc\app\shared\DataService.js.map
D:\Quantum-API\Quantum.WebAPI\Quantum.WebAPI\wwwroot\ClientApp\out-tsc\app\classesinfo\classes-list.component.js
D:\Quantum-API\Quantum.WebAPI\Quantum.WebAPI\wwwroot\ClientApp\out-tsc\app\classesinfo\classes-list.component.js.map
D:\Quantum-API\Quantum.WebAPI\Quantum.WebAPI\wwwroot\ClientApp\out-tsc\app\classesinfo\classes-add.component.js
D:\Quantum-API\Quantum.WebAPI\Quantum.WebAPI\wwwroot\ClientApp\out-tsc\app\classesinfo\classes-add.component.js.map
D:\Quantum-API\Quantum.WebAPI\Quantum.WebAPI\wwwroot\ClientApp\out-tsc\app\classdetail\classdetail-add.component.js
D:\Quantum-API\Quantum.WebAPI\Quantum.WebAPI\wwwroot\ClientApp\out-tsc\app\classdetail\classdetail-add.component.js.map
D:\Quantum-API\Quantum.WebAPI\Quantum.WebAPI\wwwroot\ClientApp\out-tsc\app\classdetail\classdetail-list.component.js
D:\Quantum-API\Quantum.WebAPI\Quantum.WebAPI\wwwroot\ClientApp\out-tsc\app\classdetail\classdetail-list.component.js.map
D:\Quantum-API\Quantum.WebAPI\Quantum.WebAPI\wwwroot\ClientApp\out-tsc\app\app.module.js
D:\Quantum-API\Quantum.WebAPI\Quantum.WebAPI\wwwroot\ClientApp\out-tsc\app\app.module.js.map
D:\Quantum-API\Quantum.WebAPI\Quantum.WebAPI\wwwroot\ClientApp\out-tsc\environments\environment.js
D:\Quantum-API\Quantum.WebAPI\Quantum.WebAPI\wwwroot\ClientApp\out-tsc\environments\environment.js.map
D:\Quantum-API\Quantum.WebAPI\Quantum.WebAPI\wwwroot\ClientApp\out-tsc\main.js
D:\Quantum-API\Quantum.WebAPI\Quantum.WebAPI\wwwroot\ClientApp\out-tsc\main.js.map
D:\Quantum-API\Quantum.WebAPI\Quantum.WebAPI\wwwroot\ClientApp\out-tsc\polyfills.js
D:\Quantum-API\Quantum.WebAPI\Quantum.WebAPI\wwwroot\ClientApp\out-tsc\polyfills.js.map
D:\Quantum-API\Quantum.WebAPI\Quantum.WebAPI\wwwroot\ClientApp\out-tsc\environments\environment.prod.js
D:\Quantum-API\Quantum.WebAPI\Quantum.WebAPI\wwwroot\ClientApp\out-tsc\environments\environment.prod.js.map
D:\Quantum-API\Quantum.WebAPI\Quantum.WebAPI\wwwroot\ClientApp\out-tsc\app\shared\generic-validator.js
D:\Quantum-API\Quantum.WebAPI\Quantum.WebAPI\wwwroot\ClientApp\out-tsc\app\shared\generic-validator.js.map
D:\Quantum-API\Quantum.WebAPI\Quantum.WebAPI\wwwroot\ClientApp\out-tsc\app\app.component.js
D:\Quantum-API\Quantum.WebAPI\Quantum.WebAPI\wwwroot\ClientApp\out-tsc\app\app.component.js.map
D:\Quantum-API\Quantum.WebAPI\Quantum.WebAPI\wwwroot\ClientApp\out-tsc\app\shared\classes.js
D:\Quantum-API\Quantum.WebAPI\Quantum.WebAPI\wwwroot\ClientApp\out-tsc\app\shared\classes.js.map
D:\Quantum-API\Quantum.WebAPI\Quantum.WebAPI\wwwroot\ClientApp\out-tsc\app\shared\classdetail.js
D:\Quantum-API\Quantum.WebAPI\Quantum.WebAPI\wwwroot\ClientApp\out-tsc\app\shared\classdetail.js.map
D:\Quantum-API\Quantum.WebAPI\Quantum.WebAPI\wwwroot\ClientApp\out-tsc\app\shared\DataService.js
D:\Quantum-API\Quantum.WebAPI\Quantum.WebAPI\wwwroot\ClientApp\out-tsc\app\shared\DataService.js.map
D:\Quantum-API\Quantum.WebAPI\Quantum.WebAPI\wwwroot\ClientApp\out-tsc\app\classesinfo\classes-list.component.js
D:\Quantum-API\Quantum.WebAPI\Quantum.WebAPI\wwwroot\ClientApp\out-tsc\app\classesinfo\classes-list.component.js.map
D:\Quantum-API\Quantum.WebAPI\Quantum.WebAPI\wwwroot\ClientApp\out-tsc\app\classesinfo\classes-add.component.js
D:\Quantum-API\Quantum.WebAPI\Quantum.WebAPI\wwwroot\ClientApp\out-tsc\app\classesinfo\classes-add.component.js.map
D:\Quantum-API\Quantum.WebAPI\Quantum.WebAPI\wwwroot\ClientApp\out-tsc\app\classdetail\classdetail-add.component.js
D:\Quantum-API\Quantum.WebAPI\Quantum.WebAPI\wwwroot\ClientApp\out-tsc\app\classdetail\classdetail-add.component.js.map
D:\Quantum-API\Quantum.WebAPI\Quantum.WebAPI\wwwroot\ClientApp\out-tsc\app\classdetail\classdetail-list.component.js
D:\Quantum-API\Quantum.WebAPI\Quantum.WebAPI\wwwroot\ClientApp\out-tsc\app\classdetail\classdetail-list.component.js.map
D:\Quantum-API\Quantum.WebAPI\Quantum.WebAPI\wwwroot\ClientApp\out-tsc\app\app.module.js
D:\Quantum-API\Quantum.WebAPI\Quantum.WebAPI\wwwroot\ClientApp\out-tsc\app\app.module.js.map
D:\Quantum-API\Quantum.WebAPI\Quantum.WebAPI\wwwroot\ClientApp\out-tsc\environments\environment.js
D:\Quantum-API\Quantum.WebAPI\Quantum.WebAPI\wwwroot\ClientApp\out-tsc\environments\environment.js.map
D:\Quantum-API\Quantum.WebAPI\Quantum.WebAPI\wwwroot\ClientApp\out-tsc\main.js
D:\Quantum-API\Quantum.WebAPI\Quantum.WebAPI\wwwroot\ClientApp\out-tsc\main.js.map
D:\Quantum-API\Quantum.WebAPI\Quantum.WebAPI\wwwroot\ClientApp\out-tsc\polyfills.js
D:\Quantum-API\Quantum.WebAPI\Quantum.WebAPI\wwwroot\ClientApp\out-tsc\polyfills.js.map
D:\Quantum-API\Quantum.WebAPI\Quantum.WebAPI\wwwroot\ClientApp\out-tsc\environments\environment.prod.js
D:\Quantum-API\Quantum.WebAPI\Quantum.WebAPI\wwwroot\ClientApp\out-tsc\environments\environment.prod.js.map
D:\Quantum-API\Quantum.WebAPI\Quantum.WebAPI\wwwroot\ClientApp\out-tsc\app\shared\generic-validator.js
D:\Quantum-API\Quantum.WebAPI\Quantum.WebAPI\wwwroot\ClientApp\out-tsc\app\shared\generic-validator.js.map
D:\Quantum-API\Quantum.WebAPI\Quantum.WebAPI\wwwroot\ClientApp\out-tsc\app\app.component.js
D:\Quantum-API\Quantum.WebAPI\Quantum.WebAPI\wwwroot\ClientApp\out-tsc\app\app.component.js.map
D:\Quantum-API\Quantum.WebAPI\Quantum.WebAPI\wwwroot\ClientApp\out-tsc\app\shared\classes.js
D:\Quantum-API\Quantum.WebAPI\Quantum.WebAPI\wwwroot\ClientApp\out-tsc\app\shared\classes.js.map
D:\Quantum-API\Quantum.WebAPI\Quantum.WebAPI\wwwroot\ClientApp\out-tsc\app\shared\classdetail.js
D:\Quantum-API\Quantum.WebAPI\Quantum.WebAPI\wwwroot\ClientApp\out-tsc\app\shared\classdetail.js.map
D:\Quantum-API\Quantum.WebAPI\Quantum.WebAPI\wwwroot\ClientApp\out-tsc\app\shared\DataService.js
D:\Quantum-API\Quantum.WebAPI\Quantum.WebAPI\wwwroot\ClientApp\out-tsc\app\shared\DataService.js.map
D:\Quantum-API\Quantum.WebAPI\Quantum.WebAPI\wwwroot\ClientApp\out-tsc\app\classesinfo\classes-list.component.js
D:\Quantum-API\Quantum.WebAPI\Quantum.WebAPI\wwwroot\ClientApp\out-tsc\app\classesinfo\classes-list.component.js.map
D:\Quantum-API\Quantum.WebAPI\Quantum.WebAPI\wwwroot\ClientApp\out-tsc\app\classesinfo\classes-add.component.js
D:\Quantum-API\Quantum.WebAPI\Quantum.WebAPI\wwwroot\ClientApp\out-tsc\app\classesinfo\classes-add.component.js.map
D:\Quantum-API\Quantum.WebAPI\Quantum.WebAPI\wwwroot\ClientApp\out-tsc\app\classdetail\classdetail-add.component.js
D:\Quantum-API\Quantum.WebAPI\Quantum.WebAPI\wwwroot\ClientApp\out-tsc\app\classdetail\classdetail-add.component.js.map
D:\Quantum-API\Quantum.WebAPI\Quantum.WebAPI\wwwroot\ClientApp\out-tsc\app\classdetail\classdetail-list.component.js
D:\Quantum-API\Quantum.WebAPI\Quantum.WebAPI\wwwroot\ClientApp\out-tsc\app\classdetail\classdetail-list.component.js.map
D:\Quantum-API\Quantum.WebAPI\Quantum.WebAPI\wwwroot\ClientApp\out-tsc\app\app.module.js
D:\Quantum-API\Quantum.WebAPI\Quantum.WebAPI\wwwroot\ClientApp\out-tsc\app\app.module.js.map
D:\Quantum-API\Quantum.WebAPI\Quantum.WebAPI\wwwroot\ClientApp\out-tsc\environments\environment.js
D:\Quantum-API\Quantum.WebAPI\Quantum.WebAPI\wwwroot\ClientApp\out-tsc\environments\environment.js.map
D:\Quantum-API\Quantum.WebAPI\Quantum.WebAPI\wwwroot\ClientApp\out-tsc\main.js
D:\Quantum-API\Quantum.WebAPI\Quantum.WebAPI\wwwroot\ClientApp\out-tsc\main.js.map
D:\Quantum-API\Quantum.WebAPI\Quantum.WebAPI\wwwroot\ClientApp\out-tsc\polyfills.js
D:\Quantum-API\Quantum.WebAPI\Quantum.WebAPI\wwwroot\ClientApp\out-tsc\polyfills.js.map
D:\Quantum-API\Quantum.WebAPI\Quantum.WebAPI\wwwroot\ClientApp\out-tsc\environments\environment.prod.js
D:\Quantum-API\Quantum.WebAPI\Quantum.WebAPI\wwwroot\ClientApp\out-tsc\environments\environment.prod.js.map
D:\Quantum-API\Quantum.WebAPI\Quantum.WebAPI\wwwroot\ClientApp\out-tsc\app\shared\generic-validator.js
D:\Quantum-API\Quantum.WebAPI\Quantum.WebAPI\wwwroot\ClientApp\out-tsc\app\shared\generic-validator.js.map
D:\Quantum-API\Quantum.WebAPI\Quantum.WebAPI\wwwroot\ClientApp\out-tsc\app\app.component.js
D:\Quantum-API\Quantum.WebAPI\Quantum.WebAPI\wwwroot\ClientApp\out-tsc\app\app.component.js.map
D:\Quantum-API\Quantum.WebAPI\Quantum.WebAPI\wwwroot\ClientApp\out-tsc\app\shared\classes.js
D:\Quantum-API\Quantum.WebAPI\Quantum.WebAPI\wwwroot\ClientApp\out-tsc\app\shared\classes.js.map
D:\Quantum-API\Quantum.WebAPI\Quantum.WebAPI\wwwroot\ClientApp\out-tsc\app\shared\classdetail.js
D:\Quantum-API\Quantum.WebAPI\Quantum.WebAPI\wwwroot\ClientApp\out-tsc\app\shared\classdetail.js.map
D:\Quantum-API\Quantum.WebAPI\Quantum.WebAPI\wwwroot\ClientApp\out-tsc\app\shared\DataService.js
D:\Quantum-API\Quantum.WebAPI\Quantum.WebAPI\wwwroot\ClientApp\out-tsc\app\shared\DataService.js.map
D:\Quantum-API\Quantum.WebAPI\Quantum.WebAPI\wwwroot\ClientApp\out-tsc\app\classesinfo\classes-list.component.js
D:\Quantum-API\Quantum.WebAPI\Quantum.WebAPI\wwwroot\ClientApp\out-tsc\app\classesinfo\classes-list.component.js.map
D:\Quantum-API\Quantum.WebAPI\Quantum.WebAPI\wwwroot\ClientApp\out-tsc\app\classesinfo\classes-add.component.js
D:\Quantum-API\Quantum.WebAPI\Quantum.WebAPI\wwwroot\ClientApp\out-tsc\app\classesinfo\classes-add.component.js.map
D:\Quantum-API\Quantum.WebAPI\Quantum.WebAPI\wwwroot\ClientApp\out-tsc\app\classdetail\classdetail-add.component.js
D:\Quantum-API\Quantum.WebAPI\Quantum.WebAPI\wwwroot\ClientApp\out-tsc\app\classdetail\classdetail-add.component.js.map
D:\Quantum-API\Quantum.WebAPI\Quantum.WebAPI\wwwroot\ClientApp\out-tsc\app\classdetail\classdetail-list.component.js
D:\Quantum-API\Quantum.WebAPI\Quantum.WebAPI\wwwroot\ClientApp\out-tsc\app\classdetail\classdetail-list.component.js.map
D:\Quantum-API\Quantum.WebAPI\Quantum.WebAPI\wwwroot\ClientApp\out-tsc\app\app.module.js
D:\Quantum-API\Quantum.WebAPI\Quantum.WebAPI\wwwroot\ClientApp\out-tsc\app\app.module.js.map
D:\Quantum-API\Quantum.WebAPI\Quantum.WebAPI\wwwroot\ClientApp\out-tsc\environments\environment.js
D:\Quantum-API\Quantum.WebAPI\Quantum.WebAPI\wwwroot\ClientApp\out-tsc\environments\environment.js.map
D:\Quantum-API\Quantum.WebAPI\Quantum.WebAPI\wwwroot\ClientApp\out-tsc\main.js
D:\Quantum-API\Quantum.WebAPI\Quantum.WebAPI\wwwroot\ClientApp\out-tsc\main.js.map
D:\Quantum-API\Quantum.WebAPI\Quantum.WebAPI\wwwroot\ClientApp\out-tsc\polyfills.js
D:\Quantum-API\Quantum.WebAPI\Quantum.WebAPI\wwwroot\ClientApp\out-tsc\polyfills.js.map
D:\Quantum-API\Quantum.WebAPI\Quantum.WebAPI\wwwroot\ClientApp\out-tsc\environments\environment.prod.js
D:\Quantum-API\Quantum.WebAPI\Quantum.WebAPI\wwwroot\ClientApp\out-tsc\environments\environment.prod.js.map
D:\Quantum-API\Quantum.WebAPI\Quantum.WebAPI\wwwroot\ClientApp\out-tsc\app\shared\generic-validator.js
D:\Quantum-API\Quantum.WebAPI\Quantum.WebAPI\wwwroot\ClientApp\out-tsc\app\shared\generic-validator.js.map
D:\Quantum-API\Quantum.WebAPI\Quantum.WebAPI\wwwroot\ClientApp\out-tsc\app\app.component.js
D:\Quantum-API\Quantum.WebAPI\Quantum.WebAPI\wwwroot\ClientApp\out-tsc\app\app.component.js.map
D:\Quantum-API\Quantum.WebAPI\Quantum.WebAPI\wwwroot\ClientApp\out-tsc\app\shared\classes.js
D:\Quantum-API\Quantum.WebAPI\Quantum.WebAPI\wwwroot\ClientApp\out-tsc\app\shared\classes.js.map
D:\Quantum-API\Quantum.WebAPI\Quantum.WebAPI\wwwroot\ClientApp\out-tsc\app\shared\classdetail.js
D:\Quantum-API\Quantum.WebAPI\Quantum.WebAPI\wwwroot\ClientApp\out-tsc\app\shared\classdetail.js.map
D:\Quantum-API\Quantum.WebAPI\Quantum.WebAPI\wwwroot\ClientApp\out-tsc\app\shared\DataService.js
D:\Quantum-API\Quantum.WebAPI\Quantum.WebAPI\wwwroot\ClientApp\out-tsc\app\shared\DataService.js.map
D:\Quantum-API\Quantum.WebAPI\Quantum.WebAPI\wwwroot\ClientApp\out-tsc\app\classesinfo\classes-list.component.js
D:\Quantum-API\Quantum.WebAPI\Quantum.WebAPI\wwwroot\ClientApp\out-tsc\app\classesinfo\classes-list.component.js.map
D:\Quantum-API\Quantum.WebAPI\Quantum.WebAPI\wwwroot\ClientApp\out-tsc\app\classesinfo\classes-add.component.js
D:\Quantum-API\Quantum.WebAPI\Quantum.WebAPI\wwwroot\ClientApp\out-tsc\app\classesinfo\classes-add.component.js.map
D:\Quantum-API\Quantum.WebAPI\Quantum.WebAPI\wwwroot\ClientApp\out-tsc\app\classdetail\classdetail-add.component.js
D:\Quantum-API\Quantum.WebAPI\Quantum.WebAPI\wwwroot\ClientApp\out-tsc\app\classdetail\classdetail-add.component.js.map
D:\Quantum-API\Quantum.WebAPI\Quantum.WebAPI\wwwroot\ClientApp\out-tsc\app\classdetail\classdetail-list.component.js
D:\Quantum-API\Quantum.WebAPI\Quantum.WebAPI\wwwroot\ClientApp\out-tsc\app\classdetail\classdetail-list.component.js.map
D:\Quantum-API\Quantum.WebAPI\Quantum.WebAPI\wwwroot\ClientApp\out-tsc\app\app.module.js
D:\Quantum-API\Quantum.WebAPI\Quantum.WebAPI\wwwroot\ClientApp\out-tsc\app\app.module.js.map
D:\Quantum-API\Quantum.WebAPI\Quantum.WebAPI\wwwroot\ClientApp\out-tsc\environments\environment.js
D:\Quantum-API\Quantum.WebAPI\Quantum.WebAPI\wwwroot\ClientApp\out-tsc\environments\environment.js.map
D:\Quantum-API\Quantum.WebAPI\Quantum.WebAPI\wwwroot\ClientApp\out-tsc\main.js
D:\Quantum-API\Quantum.WebAPI\Quantum.WebAPI\wwwroot\ClientApp\out-tsc\main.js.map
D:\Quantum-API\Quantum.WebAPI\Quantum.WebAPI\wwwroot\ClientApp\out-tsc\polyfills.js
D:\Quantum-API\Quantum.WebAPI\Quantum.WebAPI\wwwroot\ClientApp\out-tsc\polyfills.js.map
D:\Quantum-API\Quantum.WebAPI\Quantum.WebAPI\wwwroot\ClientApp\out-tsc\environments\environment.prod.js
D:\Quantum-API\Quantum.WebAPI\Quantum.WebAPI\wwwroot\ClientApp\out-tsc\environments\environment.prod.js.map
D:\Quantum-API\Quantum.WebAPI\Quantum.WebAPI\wwwroot\ClientApp\out-tsc\app\shared\generic-validator.js
D:\Quantum-API\Quantum.WebAPI\Quantum.WebAPI\wwwroot\ClientApp\out-tsc\app\shared\generic-validator.js.map
D:\Quantum-API\Quantum.WebAPI\Quantum.WebAPI\wwwroot\ClientApp\out-tsc\app\app.component.js
D:\Quantum-API\Quantum.WebAPI\Quantum.WebAPI\wwwroot\ClientApp\out-tsc\app\app.component.js.map
D:\Quantum-API\Quantum.WebAPI\Quantum.WebAPI\wwwroot\ClientApp\out-tsc\app\shared\classes.js
D:\Quantum-API\Quantum.WebAPI\Quantum.WebAPI\wwwroot\ClientApp\out-tsc\app\shared\classes.js.map
D:\Quantum-API\Quantum.WebAPI\Quantum.WebAPI\wwwroot\ClientApp\out-tsc\app\shared\classdetail.js
D:\Quantum-API\Quantum.WebAPI\Quantum.WebAPI\wwwroot\ClientApp\out-tsc\app\shared\classdetail.js.map
D:\Quantum-API\Quantum.WebAPI\Quantum.WebAPI\wwwroot\ClientApp\out-tsc\app\shared\DataService.js
D:\Quantum-API\Quantum.WebAPI\Quantum.WebAPI\wwwroot\ClientApp\out-tsc\app\shared\DataService.js.map
D:\Quantum-API\Quantum.WebAPI\Quantum.WebAPI\wwwroot\ClientApp\out-tsc\app\classesinfo\classes-list.component.js
D:\Quantum-API\Quantum.WebAPI\Quantum.WebAPI\wwwroot\ClientApp\out-tsc\app\classesinfo\classes-list.component.js.map
D:\Quantum-API\Quantum.WebAPI\Quantum.WebAPI\wwwroot\ClientApp\out-tsc\app\classesinfo\classes-add.component.js
D:\Quantum-API\Quantum.WebAPI\Quantum.WebAPI\wwwroot\ClientApp\out-tsc\app\classesinfo\classes-add.component.js.map
D:\Quantum-API\Quantum.WebAPI\Quantum.WebAPI\wwwroot\ClientApp\out-tsc\app\classdetail\classdetail-add.component.js
D:\Quantum-API\Quantum.WebAPI\Quantum.WebAPI\wwwroot\ClientApp\out-tsc\app\classdetail\classdetail-add.component.js.map
D:\Quantum-API\Quantum.WebAPI\Quantum.WebAPI\wwwroot\ClientApp\out-tsc\app\classdetail\classdetail-list.component.js
D:\Quantum-API\Quantum.WebAPI\Quantum.WebAPI\wwwroot\ClientApp\out-tsc\app\classdetail\classdetail-list.component.js.map
D:\Quantum-API\Quantum.WebAPI\Quantum.WebAPI\wwwroot\ClientApp\out-tsc\app\app.module.js
D:\Quantum-API\Quantum.WebAPI\Quantum.WebAPI\wwwroot\ClientApp\out-tsc\app\app.module.js.map
D:\Quantum-API\Quantum.WebAPI\Quantum.WebAPI\wwwroot\ClientApp\out-tsc\environments\environment.js
D:\Quantum-API\Quantum.WebAPI\Quantum.WebAPI\wwwroot\ClientApp\out-tsc\environments\environment.js.map
D:\Quantum-API\Quantum.WebAPI\Quantum.WebAPI\wwwroot\ClientApp\out-tsc\main.js
D:\Quantum-API\Quantum.WebAPI\Quantum.WebAPI\wwwroot\ClientApp\out-tsc\main.js.map
D:\Quantum-API\Quantum.WebAPI\Quantum.WebAPI\wwwroot\ClientApp\out-tsc\polyfills.js
D:\Quantum-API\Quantum.WebAPI\Quantum.WebAPI\wwwroot\ClientApp\out-tsc\polyfills.js.map
D:\Quantum-API\Quantum.WebAPI\Quantum.WebAPI\wwwroot\ClientApp\out-tsc\environments\environment.prod.js
D:\Quantum-API\Quantum.WebAPI\Quantum.WebAPI\wwwroot\ClientApp\out-tsc\environments\environment.prod.js.map
D:\Quantum-API\Quantum.WebAPI\Quantum.WebAPI\wwwroot\ClientApp\out-tsc\app\shared\generic-validator.js
D:\Quantum-API\Quantum.WebAPI\Quantum.WebAPI\wwwroot\ClientApp\out-tsc\app\shared\generic-validator.js.map
D:\Quantum-API\Quantum.WebAPI\Quantum.WebAPI\wwwroot\ClientApp\out-tsc\app\app.component.js
D:\Quantum-API\Quantum.WebAPI\Quantum.WebAPI\wwwroot\ClientApp\out-tsc\app\app.component.js.map
D:\Quantum-API\Quantum.WebAPI\Quantum.WebAPI\wwwroot\ClientApp\out-tsc\app\shared\classes.js
D:\Quantum-API\Quantum.WebAPI\Quantum.WebAPI\wwwroot\ClientApp\out-tsc\app\shared\classes.js.map
D:\Quantum-API\Quantum.WebAPI\Quantum.WebAPI\wwwroot\ClientApp\out-tsc\app\shared\classdetail.js
D:\Quantum-API\Quantum.WebAPI\Quantum.WebAPI\wwwroot\ClientApp\out-tsc\app\shared\classdetail.js.map
D:\Quantum-API\Quantum.WebAPI\Quantum.WebAPI\wwwroot\ClientApp\out-tsc\app\shared\DataService.js
D:\Quantum-API\Quantum.WebAPI\Quantum.WebAPI\wwwroot\ClientApp\out-tsc\app\shared\DataService.js.map
D:\Quantum-API\Quantum.WebAPI\Quantum.WebAPI\wwwroot\ClientApp\out-tsc\app\classesinfo\classes-list.component.js
D:\Quantum-API\Quantum.WebAPI\Quantum.WebAPI\wwwroot\ClientApp\out-tsc\app\classesinfo\classes-list.component.js.map
D:\Quantum-API\Quantum.WebAPI\Quantum.WebAPI\wwwroot\ClientApp\out-tsc\app\classesinfo\classes-add.component.js
D:\Quantum-API\Quantum.WebAPI\Quantum.WebAPI\wwwroot\ClientApp\out-tsc\app\classesinfo\classes-add.component.js.map
D:\Quantum-API\Quantum.WebAPI\Quantum.WebAPI\wwwroot\ClientApp\out-tsc\app\classdetail\classdetail-add.component.js
D:\Quantum-API\Quantum.WebAPI\Quantum.WebAPI\wwwroot\ClientApp\out-tsc\app\classdetail\classdetail-add.component.js.map
D:\Quantum-API\Quantum.WebAPI\Quantum.WebAPI\wwwroot\ClientApp\out-tsc\app\classdetail\classdetail-list.component.js
D:\Quantum-API\Quantum.WebAPI\Quantum.WebAPI\wwwroot\ClientApp\out-tsc\app\classdetail\classdetail-list.component.js.map
D:\Quantum-API\Quantum.WebAPI\Quantum.WebAPI\wwwroot\ClientApp\out-tsc\app\app.module.js
D:\Quantum-API\Quantum.WebAPI\Quantum.WebAPI\wwwroot\ClientApp\out-tsc\app\app.module.js.map
D:\Quantum-API\Quantum.WebAPI\Quantum.WebAPI\wwwroot\ClientApp\out-tsc\environments\environment.js
D:\Quantum-API\Quantum.WebAPI\Quantum.WebAPI\wwwroot\ClientApp\out-tsc\environments\environment.js.map
D:\Quantum-API\Quantum.WebAPI\Quantum.WebAPI\wwwroot\ClientApp\out-tsc\main.js
D:\Quantum-API\Quantum.WebAPI\Quantum.WebAPI\wwwroot\ClientApp\out-tsc\main.js.map
D:\Quantum-API\Quantum.WebAPI\Quantum.WebAPI\wwwroot\ClientApp\out-tsc\polyfills.js
D:\Quantum-API\Quantum.WebAPI\Quantum.WebAPI\wwwroot\ClientApp\out-tsc\polyfills.js.map
D:\Quantum-API\Quantum.WebAPI\Quantum.WebAPI\wwwroot\ClientApp\out-tsc\environments\environment.prod.js
D:\Quantum-API\Quantum.WebAPI\Quantum.WebAPI\wwwroot\ClientApp\out-tsc\environments\environment.prod.js.map
D:\Quantum-API\Quantum.WebAPI\Quantum.WebAPI\wwwroot\ClientApp\out-tsc\app\shared\generic-validator.js
D:\Quantum-API\Quantum.WebAPI\Quantum.WebAPI\wwwroot\ClientApp\out-tsc\app\shared\generic-validator.js.map
D:\Quantum-API\Quantum.WebAPI\Quantum.WebAPI\wwwroot\ClientApp\out-tsc\app\app.component.js
D:\Quantum-API\Quantum.WebAPI\Quantum.WebAPI\wwwroot\ClientApp\out-tsc\app\app.component.js.map
D:\Quantum-API\Quantum.WebAPI\Quantum.WebAPI\wwwroot\ClientApp\out-tsc\app\shared\classes.js
D:\Quantum-API\Quantum.WebAPI\Quantum.WebAPI\wwwroot\ClientApp\out-tsc\app\shared\classes.js.map
D:\Quantum-API\Quantum.WebAPI\Quantum.WebAPI\wwwroot\ClientApp\out-tsc\app\shared\classdetail.js
D:\Quantum-API\Quantum.WebAPI\Quantum.WebAPI\wwwroot\ClientApp\out-tsc\app\shared\classdetail.js.map
D:\Quantum-API\Quantum.WebAPI\Quantum.WebAPI\wwwroot\ClientApp\out-tsc\app\shared\DataService.js
D:\Quantum-API\Quantum.WebAPI\Quantum.WebAPI\wwwroot\ClientApp\out-tsc\app\shared\DataService.js.map
D:\Quantum-API\Quantum.WebAPI\Quantum.WebAPI\wwwroot\ClientApp\out-tsc\app\classesinfo\classes-list.component.js
D:\Quantum-API\Quantum.WebAPI\Quantum.WebAPI\wwwroot\ClientApp\out-tsc\app\classesinfo\classes-list.component.js.map
D:\Quantum-API\Quantum.WebAPI\Quantum.WebAPI\wwwroot\ClientApp\out-tsc\app\classesinfo\classes-add.component.js
D:\Quantum-API\Quantum.WebAPI\Quantum.WebAPI\wwwroot\ClientApp\out-tsc\app\classesinfo\classes-add.component.js.map
D:\Quantum-API\Quantum.WebAPI\Quantum.WebAPI\wwwroot\ClientApp\out-tsc\app\classdetail\classdetail-add.component.js
D:\Quantum-API\Quantum.WebAPI\Quantum.WebAPI\wwwroot\ClientApp\out-tsc\app\classdetail\classdetail-add.component.js.map
D:\Quantum-API\Quantum.WebAPI\Quantum.WebAPI\wwwroot\ClientApp\out-tsc\app\classdetail\classdetail-list.component.js
D:\Quantum-API\Quantum.WebAPI\Quantum.WebAPI\wwwroot\ClientApp\out-tsc\app\classdetail\classdetail-list.component.js.map
D:\Quantum-API\Quantum.WebAPI\Quantum.WebAPI\wwwroot\ClientApp\out-tsc\app\app.module.js
D:\Quantum-API\Quantum.WebAPI\Quantum.WebAPI\wwwroot\ClientApp\out-tsc\app\app.module.js.map
D:\Quantum-API\Quantum.WebAPI\Quantum.WebAPI\wwwroot\ClientApp\out-tsc\environments\environment.js
D:\Quantum-API\Quantum.WebAPI\Quantum.WebAPI\wwwroot\ClientApp\out-tsc\environments\environment.js.map
D:\Quantum-API\Quantum.WebAPI\Quantum.WebAPI\wwwroot\ClientApp\out-tsc\main.js
D:\Quantum-API\Quantum.WebAPI\Quantum.WebAPI\wwwroot\ClientApp\out-tsc\main.js.map
D:\Quantum-API\Quantum.WebAPI\Quantum.WebAPI\wwwroot\ClientApp\out-tsc\polyfills.js
D:\Quantum-API\Quantum.WebAPI\Quantum.WebAPI\wwwroot\ClientApp\out-tsc\polyfills.js.map
D:\Quantum-API\Quantum.WebAPI\Quantum.WebAPI\wwwroot\ClientApp\out-tsc\environments\environment.prod.js
D:\Quantum-API\Quantum.WebAPI\Quantum.WebAPI\wwwroot\ClientApp\out-tsc\environments\environment.prod.js.map
D:\Quantum-API\Quantum.WebAPI\Quantum.WebAPI\wwwroot\ClientApp\out-tsc\app\shared\generic-validator.js
D:\Quantum-API\Quantum.WebAPI\Quantum.WebAPI\wwwroot\ClientApp\out-tsc\app\shared\generic-validator.js.map
D:\Quantum-API\Quantum.WebAPI\Quantum.WebAPI\wwwroot\ClientApp\out-tsc\app\app.component.js
D:\Quantum-API\Quantum.WebAPI\Quantum.WebAPI\wwwroot\ClientApp\out-tsc\app\app.component.js.map
D:\Quantum-API\Quantum.WebAPI\Quantum.WebAPI\wwwroot\ClientApp\out-tsc\app\shared\classes.js
D:\Quantum-API\Quantum.WebAPI\Quantum.WebAPI\wwwroot\ClientApp\out-tsc\app\shared\classes.js.map
D:\Quantum-API\Quantum.WebAPI\Quantum.WebAPI\wwwroot\ClientApp\out-tsc\app\shared\classdetail.js
D:\Quantum-API\Quantum.WebAPI\Quantum.WebAPI\wwwroot\ClientApp\out-tsc\app\shared\classdetail.js.map
D:\Quantum-API\Quantum.WebAPI\Quantum.WebAPI\wwwroot\ClientApp\out-tsc\app\shared\DataService.js
D:\Quantum-API\Quantum.WebAPI\Quantum.WebAPI\wwwroot\ClientApp\out-tsc\app\shared\DataService.js.map
D:\Quantum-API\Quantum.WebAPI\Quantum.WebAPI\wwwroot\ClientApp\out-tsc\app\classesinfo\classes-list.component.js
D:\Quantum-API\Quantum.WebAPI\Quantum.WebAPI\wwwroot\ClientApp\out-tsc\app\classesinfo\classes-list.component.js.map
D:\Quantum-API\Quantum.WebAPI\Quantum.WebAPI\wwwroot\ClientApp\out-tsc\app\classesinfo\classes-add.component.js
D:\Quantum-API\Quantum.WebAPI\Quantum.WebAPI\wwwroot\ClientApp\out-tsc\app\classesinfo\classes-add.component.js.map
D:\Quantum-API\Quantum.WebAPI\Quantum.WebAPI\wwwroot\ClientApp\out-tsc\app\classdetail\classdetail-add.component.js
D:\Quantum-API\Quantum.WebAPI\Quantum.WebAPI\wwwroot\ClientApp\out-tsc\app\classdetail\classdetail-add.component.js.map
D:\Quantum-API\Quantum.WebAPI\Quantum.WebAPI\wwwroot\ClientApp\out-tsc\app\classdetail\classdetail-list.component.js
D:\Quantum-API\Quantum.WebAPI\Quantum.WebAPI\wwwroot\ClientApp\out-tsc\app\classdetail\classdetail-list.component.js.map
D:\Quantum-API\Quantum.WebAPI\Quantum.WebAPI\wwwroot\ClientApp\out-tsc\app\app.module.js
D:\Quantum-API\Quantum.WebAPI\Quantum.WebAPI\wwwroot\ClientApp\out-tsc\app\app.module.js.map
D:\Quantum-API\Quantum.WebAPI\Quantum.WebAPI\wwwroot\ClientApp\out-tsc\environments\environment.js
D:\Quantum-API\Quantum.WebAPI\Quantum.WebAPI\wwwroot\ClientApp\out-tsc\environments\environment.js.map
D:\Quantum-API\Quantum.WebAPI\Quantum.WebAPI\wwwroot\ClientApp\out-tsc\main.js
D:\Quantum-API\Quantum.WebAPI\Quantum.WebAPI\wwwroot\ClientApp\out-tsc\main.js.map
D:\Quantum-API\Quantum.WebAPI\Quantum.WebAPI\wwwroot\ClientApp\out-tsc\polyfills.js
D:\Quantum-API\Quantum.WebAPI\Quantum.WebAPI\wwwroot\ClientApp\out-tsc\polyfills.js.map
D:\Quantum-API\Quantum.WebAPI\Quantum.WebAPI\wwwroot\ClientApp\out-tsc\environments\environment.prod.js
D:\Quantum-API\Quantum.WebAPI\Quantum.WebAPI\wwwroot\ClientApp\out-tsc\environments\environment.prod.js.map
D:\Quantum-API\Quantum.WebAPI\Quantum.WebAPI\wwwroot\ClientApp\out-tsc\app\shared\generic-validator.js
D:\Quantum-API\Quantum.WebAPI\Quantum.WebAPI\wwwroot\ClientApp\out-tsc\app\shared\generic-validator.js.map
D:\Quantum-API\Quantum.WebAPI\Quantum.WebAPI\wwwroot\ClientApp\out-tsc\app\app.component.js
D:\Quantum-API\Quantum.WebAPI\Quantum.WebAPI\wwwroot\ClientApp\out-tsc\app\app.component.js.map
D:\Quantum-API\Quantum.WebAPI\Quantum.WebAPI\wwwroot\ClientApp\out-tsc\app\shared\classes.js
D:\Quantum-API\Quantum.WebAPI\Quantum.WebAPI\wwwroot\ClientApp\out-tsc\app\shared\classes.js.map
D:\Quantum-API\Quantum.WebAPI\Quantum.WebAPI\wwwroot\ClientApp\out-tsc\app\shared\classdetail.js
D:\Quantum-API\Quantum.WebAPI\Quantum.WebAPI\wwwroot\ClientApp\out-tsc\app\shared\classdetail.js.map
D:\Quantum-API\Quantum.WebAPI\Quantum.WebAPI\wwwroot\ClientApp\out-tsc\app\shared\DataService.js
D:\Quantum-API\Quantum.WebAPI\Quantum.WebAPI\wwwroot\ClientApp\out-tsc\app\shared\DataService.js.map
D:\Quantum-API\Quantum.WebAPI\Quantum.WebAPI\wwwroot\ClientApp\out-tsc\app\classesinfo\classes-list.component.js
D:\Quantum-API\Quantum.WebAPI\Quantum.WebAPI\wwwroot\ClientApp\out-tsc\app\classesinfo\classes-list.component.js.map
D:\Quantum-API\Quantum.WebAPI\Quantum.WebAPI\wwwroot\ClientApp\out-tsc\app\classesinfo\classes-add.component.js
D:\Quantum-API\Quantum.WebAPI\Quantum.WebAPI\wwwroot\ClientApp\out-tsc\app\classesinfo\classes-add.component.js.map
D:\Quantum-API\Quantum.WebAPI\Quantum.WebAPI\wwwroot\ClientApp\out-tsc\app\classdetail\classdetail-add.component.js
D:\Quantum-API\Quantum.WebAPI\Quantum.WebAPI\wwwroot\ClientApp\out-tsc\app\classdetail\classdetail-add.component.js.map
D:\Quantum-API\Quantum.WebAPI\Quantum.WebAPI\wwwroot\ClientApp\out-tsc\app\classdetail\classdetail-list.component.js
D:\Quantum-API\Quantum.WebAPI\Quantum.WebAPI\wwwroot\ClientApp\out-tsc\app\classdetail\classdetail-list.component.js.map
D:\Quantum-API\Quantum.WebAPI\Quantum.WebAPI\wwwroot\ClientApp\out-tsc\app\app.module.js
D:\Quantum-API\Quantum.WebAPI\Quantum.WebAPI\wwwroot\ClientApp\out-tsc\app\app.module.js.map
D:\Quantum-API\Quantum.WebAPI\Quantum.WebAPI\wwwroot\ClientApp\out-tsc\environments\environment.js
D:\Quantum-API\Quantum.WebAPI\Quantum.WebAPI\wwwroot\ClientApp\out-tsc\environments\environment.js.map
D:\Quantum-API\Quantum.WebAPI\Quantum.WebAPI\wwwroot\ClientApp\out-tsc\main.js
D:\Quantum-API\Quantum.WebAPI\Quantum.WebAPI\wwwroot\ClientApp\out-tsc\main.js.map
D:\Quantum-API\Quantum.WebAPI\Quantum.WebAPI\wwwroot\ClientApp\out-tsc\polyfills.js
D:\Quantum-API\Quantum.WebAPI\Quantum.WebAPI\wwwroot\ClientApp\out-tsc\polyfills.js.map
D:\Quantum-API\Quantum.WebAPI\Quantum.WebAPI\wwwroot\ClientApp\out-tsc\environments\environment.prod.js
D:\Quantum-API\Quantum.WebAPI\Quantum.WebAPI\wwwroot\ClientApp\out-tsc\environments\environment.prod.js.map
D:\Quantum-API\Quantum.WebAPI\Quantum.WebAPI\wwwroot\ClientApp\out-tsc\app\shared\generic-validator.js
D:\Quantum-API\Quantum.WebAPI\Quantum.WebAPI\wwwroot\ClientApp\out-tsc\app\shared\generic-validator.js.map
D:\Quantum-API\Quantum.WebAPI\Quantum.WebAPI\wwwroot\ClientApp\out-tsc\app\app.component.js
D:\Quantum-API\Quantum.WebAPI\Quantum.WebAPI\wwwroot\ClientApp\out-tsc\app\app.component.js.map
D:\Quantum-API\Quantum.WebAPI\Quantum.WebAPI\wwwroot\ClientApp\out-tsc\app\shared\classes.js
D:\Quantum-API\Quantum.WebAPI\Quantum.WebAPI\wwwroot\ClientApp\out-tsc\app\shared\classes.js.map
D:\Quantum-API\Quantum.WebAPI\Quantum.WebAPI\wwwroot\ClientApp\out-tsc\app\shared\classdetail.js
D:\Quantum-API\Quantum.WebAPI\Quantum.WebAPI\wwwroot\ClientApp\out-tsc\app\shared\classdetail.js.map
D:\Quantum-API\Quantum.WebAPI\Quantum.WebAPI\wwwroot\ClientApp\out-tsc\app\shared\DataService.js
D:\Quantum-API\Quantum.WebAPI\Quantum.WebAPI\wwwroot\ClientApp\out-tsc\app\shared\DataService.js.map
D:\Quantum-API\Quantum.WebAPI\Quantum.WebAPI\wwwroot\ClientApp\out-tsc\app\classesinfo\classes-list.component.js
D:\Quantum-API\Quantum.WebAPI\Quantum.WebAPI\wwwroot\ClientApp\out-tsc\app\classesinfo\classes-list.component.js.map
D:\Quantum-API\Quantum.WebAPI\Quantum.WebAPI\wwwroot\ClientApp\out-tsc\app\classesinfo\classes-add.component.js
D:\Quantum-API\Quantum.WebAPI\Quantum.WebAPI\wwwroot\ClientApp\out-tsc\app\classesinfo\classes-add.component.js.map
D:\Quantum-API\Quantum.WebAPI\Quantum.WebAPI\wwwroot\ClientApp\out-tsc\app\classdetail\classdetail-add.component.js
D:\Quantum-API\Quantum.WebAPI\Quantum.WebAPI\wwwroot\ClientApp\out-tsc\app\classdetail\classdetail-add.component.js.map
D:\Quantum-API\Quantum.WebAPI\Quantum.WebAPI\wwwroot\ClientApp\out-tsc\app\classdetail\classdetail-list.component.js
D:\Quantum-API\Quantum.WebAPI\Quantum.WebAPI\wwwroot\ClientApp\out-tsc\app\classdetail\classdetail-list.component.js.map
D:\Quantum-API\Quantum.WebAPI\Quantum.WebAPI\wwwroot\ClientApp\out-tsc\app\app.module.js
D:\Quantum-API\Quantum.WebAPI\Quantum.WebAPI\wwwroot\ClientApp\out-tsc\app\app.module.js.map
D:\Quantum-API\Quantum.WebAPI\Quantum.WebAPI\wwwroot\ClientApp\out-tsc\environments\environment.js
D:\Quantum-API\Quantum.WebAPI\Quantum.WebAPI\wwwroot\ClientApp\out-tsc\environments\environment.js.map
D:\Quantum-API\Quantum.WebAPI\Quantum.WebAPI\wwwroot\ClientApp\out-tsc\main.js
D:\Quantum-API\Quantum.WebAPI\Quantum.WebAPI\wwwroot\ClientApp\out-tsc\main.js.map
D:\Quantum-API\Quantum.WebAPI\Quantum.WebAPI\wwwroot\ClientApp\out-tsc\polyfills.js
D:\Quantum-API\Quantum.WebAPI\Quantum.WebAPI\wwwroot\ClientApp\out-tsc\polyfills.js.map
D:\Quantum-API\Quantum.WebAPI\Quantum.WebAPI\wwwroot\ClientApp\out-tsc\environments\environment.prod.js
D:\Quantum-API\Quantum.WebAPI\Quantum.WebAPI\wwwroot\ClientApp\out-tsc\environments\environment.prod.js.map
D:\Quantum-API\Quantum.WebAPI\Quantum.WebAPI\wwwroot\ClientApp\out-tsc\app\shared\generic-validator.js
D:\Quantum-API\Quantum.WebAPI\Quantum.WebAPI\wwwroot\ClientApp\out-tsc\app\shared\generic-validator.js.map
D:\Quantum-API\Quantum.WebAPI\Quantum.WebAPI\wwwroot\ClientApp\out-tsc\app\app.component.js
D:\Quantum-API\Quantum.WebAPI\Quantum.WebAPI\wwwroot\ClientApp\out-tsc\app\app.component.js.map
D:\Quantum-API\Quantum.WebAPI\Quantum.WebAPI\wwwroot\ClientApp\out-tsc\app\shared\classes.js
D:\Quantum-API\Quantum.WebAPI\Quantum.WebAPI\wwwroot\ClientApp\out-tsc\app\shared\classes.js.map
D:\Quantum-API\Quantum.WebAPI\Quantum.WebAPI\wwwroot\ClientApp\out-tsc\app\shared\classdetail.js
D:\Quantum-API\Quantum.WebAPI\Quantum.WebAPI\wwwroot\ClientApp\out-tsc\app\shared\classdetail.js.map
D:\Quantum-API\Quantum.WebAPI\Quantum.WebAPI\wwwroot\ClientApp\out-tsc\app\shared\DataService.js
D:\Quantum-API\Quantum.WebAPI\Quantum.WebAPI\wwwroot\ClientApp\out-tsc\app\shared\DataService.js.map
D:\Quantum-API\Quantum.WebAPI\Quantum.WebAPI\wwwroot\ClientApp\out-tsc\app\classesinfo\classes-list.component.js
D:\Quantum-API\Quantum.WebAPI\Quantum.WebAPI\wwwroot\ClientApp\out-tsc\app\classesinfo\classes-list.component.js.map
D:\Quantum-API\Quantum.WebAPI\Quantum.WebAPI\wwwroot\ClientApp\out-tsc\app\classesinfo\classes-add.component.js
D:\Quantum-API\Quantum.WebAPI\Quantum.WebAPI\wwwroot\ClientApp\out-tsc\app\classesinfo\classes-add.component.js.map
D:\Quantum-API\Quantum.WebAPI\Quantum.WebAPI\wwwroot\ClientApp\out-tsc\app\classdetail\classdetail-add.component.js
D:\Quantum-API\Quantum.WebAPI\Quantum.WebAPI\wwwroot\ClientApp\out-tsc\app\classdetail\classdetail-add.component.js.map
D:\Quantum-API\Quantum.WebAPI\Quantum.WebAPI\wwwroot\ClientApp\out-tsc\app\classdetail\classdetail-list.component.js
D:\Quantum-API\Quantum.WebAPI\Quantum.WebAPI\wwwroot\ClientApp\out-tsc\app\classdetail\classdetail-list.component.js.map
D:\Quantum-API\Quantum.WebAPI\Quantum.WebAPI\wwwroot\ClientApp\out-tsc\app\app.module.js
D:\Quantum-API\Quantum.WebAPI\Quantum.WebAPI\wwwroot\ClientApp\out-tsc\app\app.module.js.map
D:\Quantum-API\Quantum.WebAPI\Quantum.WebAPI\wwwroot\ClientApp\out-tsc\environments\environment.js
D:\Quantum-API\Quantum.WebAPI\Quantum.WebAPI\wwwroot\ClientApp\out-tsc\environments\environment.js.map
D:\Quantum-API\Quantum.WebAPI\Quantum.WebAPI\wwwroot\ClientApp\out-tsc\main.js
D:\Quantum-API\Quantum.WebAPI\Quantum.WebAPI\wwwroot\ClientApp\out-tsc\main.js.map
D:\Quantum-API\Quantum.WebAPI\Quantum.WebAPI\wwwroot\ClientApp\out-tsc\polyfills.js
D:\Quantum-API\Quantum.WebAPI\Quantum.WebAPI\wwwroot\ClientApp\out-tsc\polyfills.js.map
D:\Quantum-API\Quantum.WebAPI\Quantum.WebAPI\wwwroot\ClientApp\out-tsc\environments\environment.prod.js
D:\Quantum-API\Quantum.WebAPI\Quantum.WebAPI\wwwroot\ClientApp\out-tsc\environments\environment.prod.js.map
D:\Quantum-API\Quantum.WebAPI\Quantum.WebAPI\wwwroot\ClientApp\out-tsc\app\shared\generic-validator.js
D:\Quantum-API\Quantum.WebAPI\Quantum.WebAPI\wwwroot\ClientApp\out-tsc\app\shared\generic-validator.js.map
D:\Quantum-API\Quantum.WebAPI\Quantum.WebAPI\wwwroot\ClientApp\out-tsc\app\app.component.js
D:\Quantum-API\Quantum.WebAPI\Quantum.WebAPI\wwwroot\ClientApp\out-tsc\app\app.component.js.map
D:\Quantum-API\Quantum.WebAPI\Quantum.WebAPI\wwwroot\ClientApp\out-tsc\app\shared\classes.js
D:\Quantum-API\Quantum.WebAPI\Quantum.WebAPI\wwwroot\ClientApp\out-tsc\app\shared\classes.js.map
D:\Quantum-API\Quantum.WebAPI\Quantum.WebAPI\wwwroot\ClientApp\out-tsc\app\shared\classdetail.js
D:\Quantum-API\Quantum.WebAPI\Quantum.WebAPI\wwwroot\ClientApp\out-tsc\app\shared\classdetail.js.map
D:\Quantum-API\Quantum.WebAPI\Quantum.WebAPI\wwwroot\ClientApp\out-tsc\app\shared\DataService.js
D:\Quantum-API\Quantum.WebAPI\Quantum.WebAPI\wwwroot\ClientApp\out-tsc\app\shared\DataService.js.map
D:\Quantum-API\Quantum.WebAPI\Quantum.WebAPI\wwwroot\ClientApp\out-tsc\app\classesinfo\classes-list.component.js
D:\Quantum-API\Quantum.WebAPI\Quantum.WebAPI\wwwroot\ClientApp\out-tsc\app\classesinfo\classes-list.component.js.map
D:\Quantum-API\Quantum.WebAPI\Quantum.WebAPI\wwwroot\ClientApp\out-tsc\app\classesinfo\classes-add.component.js
D:\Quantum-API\Quantum.WebAPI\Quantum.WebAPI\wwwroot\ClientApp\out-tsc\app\classesinfo\classes-add.component.js.map
D:\Quantum-API\Quantum.WebAPI\Quantum.WebAPI\wwwroot\ClientApp\out-tsc\app\classdetail\classdetail-add.component.js
D:\Quantum-API\Quantum.WebAPI\Quantum.WebAPI\wwwroot\ClientApp\out-tsc\app\classdetail\classdetail-add.component.js.map
D:\Quantum-API\Quantum.WebAPI\Quantum.WebAPI\wwwroot\ClientApp\out-tsc\app\classdetail\classdetail-list.component.js
D:\Quantum-API\Quantum.WebAPI\Quantum.WebAPI\wwwroot\ClientApp\out-tsc\app\classdetail\classdetail-list.component.js.map
D:\Quantum-API\Quantum.WebAPI\Quantum.WebAPI\wwwroot\ClientApp\out-tsc\app\app.module.js
D:\Quantum-API\Quantum.WebAPI\Quantum.WebAPI\wwwroot\ClientApp\out-tsc\app\app.module.js.map
D:\Quantum-API\Quantum.WebAPI\Quantum.WebAPI\wwwroot\ClientApp\out-tsc\environments\environment.js
D:\Quantum-API\Quantum.WebAPI\Quantum.WebAPI\wwwroot\ClientApp\out-tsc\environments\environment.js.map
D:\Quantum-API\Quantum.WebAPI\Quantum.WebAPI\wwwroot\ClientApp\out-tsc\main.js
D:\Quantum-API\Quantum.WebAPI\Quantum.WebAPI\wwwroot\ClientApp\out-tsc\main.js.map
D:\Quantum-API\Quantum.WebAPI\Quantum.WebAPI\wwwroot\ClientApp\out-tsc\polyfills.js
D:\Quantum-API\Quantum.WebAPI\Quantum.WebAPI\wwwroot\ClientApp\out-tsc\polyfills.js.map
D:\Quantum-API\Quantum.WebAPI\Quantum.WebAPI\wwwroot\ClientApp\out-tsc\environments\environment.prod.js
D:\Quantum-API\Quantum.WebAPI\Quantum.WebAPI\wwwroot\ClientApp\out-tsc\environments\environment.prod.js.map
D:\Quantum-API\Quantum.WebAPI\Quantum.WebAPI\wwwroot\ClientApp\out-tsc\app\shared\generic-validator.js
D:\Quantum-API\Quantum.WebAPI\Quantum.WebAPI\wwwroot\ClientApp\out-tsc\app\shared\generic-validator.js.map
D:\Quantum-API\Quantum.WebAPI\Quantum.WebAPI\wwwroot\ClientApp\out-tsc\app\app.component.js
D:\Quantum-API\Quantum.WebAPI\Quantum.WebAPI\wwwroot\ClientApp\out-tsc\app\app.component.js.map
D:\Quantum-API\Quantum.WebAPI\Quantum.WebAPI\wwwroot\ClientApp\out-tsc\app\shared\classes.js
D:\Quantum-API\Quantum.WebAPI\Quantum.WebAPI\wwwroot\ClientApp\out-tsc\app\shared\classes.js.map
D:\Quantum-API\Quantum.WebAPI\Quantum.WebAPI\wwwroot\ClientApp\out-tsc\app\shared\classdetail.js
D:\Quantum-API\Quantum.WebAPI\Quantum.WebAPI\wwwroot\ClientApp\out-tsc\app\shared\classdetail.js.map
D:\Quantum-API\Quantum.WebAPI\Quantum.WebAPI\wwwroot\ClientApp\out-tsc\app\shared\DataService.js
D:\Quantum-API\Quantum.WebAPI\Quantum.WebAPI\wwwroot\ClientApp\out-tsc\app\shared\DataService.js.map
D:\Quantum-API\Quantum.WebAPI\Quantum.WebAPI\wwwroot\ClientApp\out-tsc\app\classesinfo\classes-list.component.js
D:\Quantum-API\Quantum.WebAPI\Quantum.WebAPI\wwwroot\ClientApp\out-tsc\app\classesinfo\classes-list.component.js.map
D:\Quantum-API\Quantum.WebAPI\Quantum.WebAPI\wwwroot\ClientApp\out-tsc\app\classesinfo\classes-add.component.js
D:\Quantum-API\Quantum.WebAPI\Quantum.WebAPI\wwwroot\ClientApp\out-tsc\app\classesinfo\classes-add.component.js.map
D:\Quantum-API\Quantum.WebAPI\Quantum.WebAPI\wwwroot\ClientApp\out-tsc\app\classdetail\classdetail-add.component.js
D:\Quantum-API\Quantum.WebAPI\Quantum.WebAPI\wwwroot\ClientApp\out-tsc\app\classdetail\classdetail-add.component.js.map
D:\Quantum-API\Quantum.WebAPI\Quantum.WebAPI\wwwroot\ClientApp\out-tsc\app\classdetail\classdetail-list.component.js
D:\Quantum-API\Quantum.WebAPI\Quantum.WebAPI\wwwroot\ClientApp\out-tsc\app\classdetail\classdetail-list.component.js.map
D:\Quantum-API\Quantum.WebAPI\Quantum.WebAPI\wwwroot\ClientApp\out-tsc\app\app.module.js
D:\Quantum-API\Quantum.WebAPI\Quantum.WebAPI\wwwroot\ClientApp\out-tsc\app\app.module.js.map
D:\Quantum-API\Quantum.WebAPI\Quantum.WebAPI\wwwroot\ClientApp\out-tsc\environments\environment.js
D:\Quantum-API\Quantum.WebAPI\Quantum.WebAPI\wwwroot\ClientApp\out-tsc\environments\environment.js.map
D:\Quantum-API\Quantum.WebAPI\Quantum.WebAPI\wwwroot\ClientApp\out-tsc\main.js
D:\Quantum-API\Quantum.WebAPI\Quantum.WebAPI\wwwroot\ClientApp\out-tsc\main.js.map
D:\Quantum-API\Quantum.WebAPI\Quantum.WebAPI\wwwroot\ClientApp\out-tsc\polyfills.js
D:\Quantum-API\Quantum.WebAPI\Quantum.WebAPI\wwwroot\ClientApp\out-tsc\polyfills.js.map
D:\Quantum-API\Quantum.WebAPI\Quantum.WebAPI\wwwroot\ClientApp\out-tsc\environments\environment.prod.js
D:\Quantum-API\Quantum.WebAPI\Quantum.WebAPI\wwwroot\ClientApp\out-tsc\environments\environment.prod.js.map
D:\Quantum-API\Quantum.WebAPI\Quantum.WebAPI\wwwroot\ClientApp\out-tsc\app\shared\generic-validator.js
D:\Quantum-API\Quantum.WebAPI\Quantum.WebAPI\wwwroot\ClientApp\out-tsc\app\shared\generic-validator.js.map
D:\Quantum-API\Quantum.WebAPI\Quantum.WebAPI\wwwroot\ClientApp\out-tsc\app\app.component.js
D:\Quantum-API\Quantum.WebAPI\Quantum.WebAPI\wwwroot\ClientApp\out-tsc\app\app.component.js.map
D:\Quantum-API\Quantum.WebAPI\Quantum.WebAPI\wwwroot\ClientApp\out-tsc\app\shared\classes.js
D:\Quantum-API\Quantum.WebAPI\Quantum.WebAPI\wwwroot\ClientApp\out-tsc\app\shared\classes.js.map
D:\Quantum-API\Quantum.WebAPI\Quantum.WebAPI\wwwroot\ClientApp\out-tsc\app\shared\classdetail.js
D:\Quantum-API\Quantum.WebAPI\Quantum.WebAPI\wwwroot\ClientApp\out-tsc\app\shared\classdetail.js.map
D:\Quantum-API\Quantum.WebAPI\Quantum.WebAPI\wwwroot\ClientApp\out-tsc\app\shared\DataService.js
D:\Quantum-API\Quantum.WebAPI\Quantum.WebAPI\wwwroot\ClientApp\out-tsc\app\shared\DataService.js.map
D:\Quantum-API\Quantum.WebAPI\Quantum.WebAPI\wwwroot\ClientApp\out-tsc\app\classesinfo\classes-list.component.js
D:\Quantum-API\Quantum.WebAPI\Quantum.WebAPI\wwwroot\ClientApp\out-tsc\app\classesinfo\classes-list.component.js.map
D:\Quantum-API\Quantum.WebAPI\Quantum.WebAPI\wwwroot\ClientApp\out-tsc\app\classesinfo\classes-add.component.js
D:\Quantum-API\Quantum.WebAPI\Quantum.WebAPI\wwwroot\ClientApp\out-tsc\app\classesinfo\classes-add.component.js.map
D:\Quantum-API\Quantum.WebAPI\Quantum.WebAPI\wwwroot\ClientApp\out-tsc\app\classdetail\classdetail-add.component.js
D:\Quantum-API\Quantum.WebAPI\Quantum.WebAPI\wwwroot\ClientApp\out-tsc\app\classdetail\classdetail-add.component.js.map
D:\Quantum-API\Quantum.WebAPI\Quantum.WebAPI\wwwroot\ClientApp\out-tsc\app\classdetail\classdetail-list.component.js
D:\Quantum-API\Quantum.WebAPI\Quantum.WebAPI\wwwroot\ClientApp\out-tsc\app\classdetail\classdetail-list.component.js.map
D:\Quantum-API\Quantum.WebAPI\Quantum.WebAPI\wwwroot\ClientApp\out-tsc\app\app.module.js
D:\Quantum-API\Quantum.WebAPI\Quantum.WebAPI\wwwroot\ClientApp\out-tsc\app\app.module.js.map
D:\Quantum-API\Quantum.WebAPI\Quantum.WebAPI\wwwroot\ClientApp\out-tsc\environments\environment.js
D:\Quantum-API\Quantum.WebAPI\Quantum.WebAPI\wwwroot\ClientApp\out-tsc\environments\environment.js.map
D:\Quantum-API\Quantum.WebAPI\Quantum.WebAPI\wwwroot\ClientApp\out-tsc\main.js
D:\Quantum-API\Quantum.WebAPI\Quantum.WebAPI\wwwroot\ClientApp\out-tsc\main.js.map
D:\Quantum-API\Quantum.WebAPI\Quantum.WebAPI\wwwroot\ClientApp\out-tsc\polyfills.js
D:\Quantum-API\Quantum.WebAPI\Quantum.WebAPI\wwwroot\ClientApp\out-tsc\polyfills.js.map
D:\Quantum-API\Quantum.WebAPI\Quantum.WebAPI\wwwroot\ClientApp\out-tsc\environments\environment.prod.js
D:\Quantum-API\Quantum.WebAPI\Quantum.WebAPI\wwwroot\ClientApp\out-tsc\environments\environment.prod.js.map
